10:41:32 INFO  : Registering command handlers for SDK TCF services
10:41:32 INFO  : Launching XSCT server: xsct.bat -interactive E:\Wcc\ZYNQ\hdmi_trans\hdmi_trans.sdk\temp_xsdb_launch_script.tcl
10:41:34 INFO  : XSCT server has started successfully.
10:41:34 INFO  : Successfully done setting XSCT server connection channel  
10:41:36 INFO  : Successfully done setting SDK workspace  
10:41:36 INFO  : Processing command line option -hwspec E:/Wcc/ZYNQ/hdmi_trans/hdmi_trans.sdk/design_1_wrapper.hdf.
10:43:51 INFO  : Connected to target on host '127.0.0.1' and port '3121'.
10:44:01 INFO  : ----------------XSDB Script----------------
connect -url tcp:127.0.0.1:3121
----------------End of Script----------------

10:44:16 INFO  : Connected to target on host '127.0.0.1' and port '3121'.
10:44:17 INFO  : Jtag cable 'Digilent JTAG-HS2 201706300081' is selected.
10:44:17 INFO  : 'jtag frequency' command is executed.
10:44:17 INFO  : Sourcing of 'E:/Wcc/ZYNQ/hdmi_trans/hdmi_trans.sdk/design_1_wrapper_hw_platform_0/ps7_init.tcl' is done.
10:44:17 INFO  : 'targets -set -filter {jtag_cable_name =~ "Digilent JTAG-HS2 201706300081" && level==0} -index 1' command is executed.
10:44:21 INFO  : FPGA configured successfully with bitstream "E:/Wcc/ZYNQ/hdmi_trans/hdmi_trans.sdk/design_1_wrapper_hw_platform_0/design_1_wrapper.bit"
10:44:22 INFO  : Context for 'APU' is selected.
10:44:22 INFO  : Hardware design information is loaded from 'E:/Wcc/ZYNQ/hdmi_trans/hdmi_trans.sdk/design_1_wrapper_hw_platform_0/system.hdf'.
10:44:22 INFO  : 'configparams force-mem-access 1' command is executed.
10:44:22 INFO  : Context for 'APU' is selected.
10:44:22 INFO  : 'stop' command is executed.
10:44:23 INFO  : 'ps7_init' command is executed.
10:44:23 INFO  : 'ps7_post_config' command is executed.
10:44:23 INFO  : Context for processor 'ps7_cortexa9_0' is selected.
10:44:23 INFO  : Processor reset is completed for 'ps7_cortexa9_0'.
10:44:23 INFO  : Context for processor 'ps7_cortexa9_0' is selected.
10:44:23 INFO  : The application 'E:/Wcc/ZYNQ/hdmi_trans/hdmi_trans.sdk/test/Debug/test.elf' is downloaded to processor 'ps7_cortexa9_0'.
10:44:23 INFO  : 'configparams force-mem-access 0' command is executed.
10:44:23 INFO  : ----------------XSDB Script----------------
connect -url tcp:127.0.0.1:3121
source E:/Wcc/ZYNQ/hdmi_trans/hdmi_trans.sdk/design_1_wrapper_hw_platform_0/ps7_init.tcl
targets -set -filter {jtag_cable_name =~ "Digilent JTAG-HS2 201706300081" && level==0} -index 1
fpga -file E:/Wcc/ZYNQ/hdmi_trans/hdmi_trans.sdk/design_1_wrapper_hw_platform_0/design_1_wrapper.bit
targets -set -nocase -filter {name =~"APU*" && jtag_cable_name =~ "Digilent JTAG-HS2 201706300081"} -index 0
loadhw -hw E:/Wcc/ZYNQ/hdmi_trans/hdmi_trans.sdk/design_1_wrapper_hw_platform_0/system.hdf -mem-ranges [list {0x40000000 0xbfffffff}]
configparams force-mem-access 1
targets -set -nocase -filter {name =~"APU*" && jtag_cable_name =~ "Digilent JTAG-HS2 201706300081"} -index 0
stop
ps7_init
ps7_post_config
targets -set -nocase -filter {name =~ "ARM*#0" && jtag_cable_name =~ "Digilent JTAG-HS2 201706300081"} -index 0
rst -processor
targets -set -nocase -filter {name =~ "ARM*#0" && jtag_cable_name =~ "Digilent JTAG-HS2 201706300081"} -index 0
dow E:/Wcc/ZYNQ/hdmi_trans/hdmi_trans.sdk/test/Debug/test.elf
configparams force-mem-access 0
----------------End of Script----------------

10:44:23 INFO  : Memory regions updated for context APU
10:44:24 INFO  : Context for processor 'ps7_cortexa9_0' is selected.
10:44:24 INFO  : 'con' command is executed.
10:44:24 INFO  : ----------------XSDB Script (After Launch)----------------
targets -set -nocase -filter {name =~ "ARM*#0" && jtag_cable_name =~ "Digilent JTAG-HS2 201706300081"} -index 0
con
----------------End of Script----------------

10:44:24 INFO  : Launch script is exported to file 'E:\Wcc\ZYNQ\hdmi_trans\hdmi_trans.sdk\.sdk\launch_scripts\xilinx_c-c++_application_(system_debugger)\system_debugger_using_debug_test.elf_on_local.tcl'
10:45:11 INFO  : Disconnected from the channel tcfchan#1.
10:45:12 INFO  : Connected to target on host '127.0.0.1' and port '3121'.
10:45:13 INFO  : Jtag cable 'Digilent JTAG-HS2 201706300081' is selected.
10:45:13 INFO  : 'jtag frequency' command is executed.
10:45:13 INFO  : Sourcing of 'E:/Wcc/ZYNQ/hdmi_trans/hdmi_trans.sdk/design_1_wrapper_hw_platform_0/ps7_init.tcl' is done.
10:45:13 INFO  : 'targets -set -filter {jtag_cable_name =~ "Digilent JTAG-HS2 201706300081" && level==0} -index 1' command is executed.
10:45:16 INFO  : FPGA configured successfully with bitstream "E:/Wcc/ZYNQ/hdmi_trans/hdmi_trans.sdk/design_1_wrapper_hw_platform_0/design_1_wrapper.bit"
10:45:16 INFO  : Context for 'APU' is selected.
10:45:17 INFO  : Hardware design information is loaded from 'E:/Wcc/ZYNQ/hdmi_trans/hdmi_trans.sdk/design_1_wrapper_hw_platform_0/system.hdf'.
10:45:17 INFO  : 'configparams force-mem-access 1' command is executed.
10:45:17 INFO  : Context for 'APU' is selected.
10:45:17 INFO  : 'stop' command is executed.
10:45:18 INFO  : 'ps7_init' command is executed.
10:45:18 INFO  : 'ps7_post_config' command is executed.
10:45:18 INFO  : Context for processor 'ps7_cortexa9_0' is selected.
10:45:18 INFO  : Processor reset is completed for 'ps7_cortexa9_0'.
10:45:18 INFO  : Context for processor 'ps7_cortexa9_0' is selected.
10:45:18 INFO  : The application 'E:/Wcc/ZYNQ/hdmi_trans/hdmi_trans.sdk/test/Debug/test.elf' is downloaded to processor 'ps7_cortexa9_0'.
10:45:18 INFO  : 'configparams force-mem-access 0' command is executed.
10:45:18 INFO  : ----------------XSDB Script----------------
connect -url tcp:127.0.0.1:3121
source E:/Wcc/ZYNQ/hdmi_trans/hdmi_trans.sdk/design_1_wrapper_hw_platform_0/ps7_init.tcl
targets -set -filter {jtag_cable_name =~ "Digilent JTAG-HS2 201706300081" && level==0} -index 1
fpga -file E:/Wcc/ZYNQ/hdmi_trans/hdmi_trans.sdk/design_1_wrapper_hw_platform_0/design_1_wrapper.bit
targets -set -nocase -filter {name =~"APU*" && jtag_cable_name =~ "Digilent JTAG-HS2 201706300081"} -index 0
loadhw -hw E:/Wcc/ZYNQ/hdmi_trans/hdmi_trans.sdk/design_1_wrapper_hw_platform_0/system.hdf -mem-ranges [list {0x40000000 0xbfffffff}]
configparams force-mem-access 1
targets -set -nocase -filter {name =~"APU*" && jtag_cable_name =~ "Digilent JTAG-HS2 201706300081"} -index 0
stop
ps7_init
ps7_post_config
targets -set -nocase -filter {name =~ "ARM*#0" && jtag_cable_name =~ "Digilent JTAG-HS2 201706300081"} -index 0
rst -processor
targets -set -nocase -filter {name =~ "ARM*#0" && jtag_cable_name =~ "Digilent JTAG-HS2 201706300081"} -index 0
dow E:/Wcc/ZYNQ/hdmi_trans/hdmi_trans.sdk/test/Debug/test.elf
configparams force-mem-access 0
----------------End of Script----------------

10:45:18 INFO  : Memory regions updated for context APU
10:45:18 INFO  : Context for processor 'ps7_cortexa9_0' is selected.
10:45:18 INFO  : 'con' command is executed.
10:45:18 INFO  : ----------------XSDB Script (After Launch)----------------
targets -set -nocase -filter {name =~ "ARM*#0" && jtag_cable_name =~ "Digilent JTAG-HS2 201706300081"} -index 0
con
----------------End of Script----------------

10:45:18 INFO  : Launch script is exported to file 'E:\Wcc\ZYNQ\hdmi_trans\hdmi_trans.sdk\.sdk\launch_scripts\xilinx_c-c++_application_(system_debugger)\system_debugger_using_debug_test.elf_on_local.tcl'
10:53:40 INFO  : SDK has detected change in the last modified timestamps for source hardware specification file Source:1582858411221,  Project:1582857643759
10:53:40 INFO  : Project design_1_wrapper_hw_platform_0's source hardware specification located at E:/Wcc/ZYNQ/hdmi_trans/hdmi_trans.sdk/design_1_wrapper.hdf is now different from the local copy.
		 The local copy will be replaced with the source specification and your workspace will be updated.
10:53:44 INFO  : Copied contents of E:/Wcc/ZYNQ/hdmi_trans/hdmi_trans.sdk/design_1_wrapper.hdf into \design_1_wrapper_hw_platform_0\system.hdf.
10:53:46 INFO  : Synchronizing projects in the workspace with the hardware platform specification changes.
10:53:48 INFO  : 
10:53:49 INFO  : Updating hardware inferred compiler options for test.
10:53:49 INFO  : Clearing existing target manager status.
10:53:49 INFO  : Closing and re-opening the MSS file of ther project test_bsp
10:53:49 INFO  : Workspace synchronized with the new hardware specification file. Cleaning dependent projects...
10:53:50 WARN  : Linker script will not be updated automatically. Users need to update it manually.
11:00:53 INFO  : Disconnected from the channel tcfchan#2.
