Copyright 1986-2018 Xilinx, Inc. All Rights Reserved.
------------------------------------------------------------------------------------
| Tool Version : Vivado v.2018.3 (win64) Build 2405991 Thu Dec  6 23:38:27 MST 2018
| Date         : Mon Mar 20 18:18:55 2023
| Host         : DESKTOP-LA8ISAJ running 64-bit major release  (build 9200)
| Command      : upgrade_ip
| Device       : xc7z020clg400-2
------------------------------------------------------------------------------------

Upgrade Log for IP 'rom8x512'

1. Summary
----------

SUCCESS in the conversion of rom8x512 (xilinx.com:ip:blk_mem_gen:8.4 (Rev. 2)) to Vivado generation flows.






Copyright 1986-2018 Xilinx, Inc. All Rights Reserved.
------------------------------------------------------------------------------------
| Tool Version : Vivado v.2018.3 (win64) Build 2405991 Thu Dec  6 23:38:27 MST 2018
| Date         : Mon Mar 20 18:18:53 2023
| Host         : DESKTOP-LA8ISAJ running 64-bit major release  (build 9200)
| Command      : upgrade_ip
| Device       : xc7z020clg400-2
------------------------------------------------------------------------------------

Upgrade Log for IP 'ila_da'

1. Summary
----------

SUCCESS in the conversion of ila_da (xilinx.com:ip:ila:6.2 (Rev. 8)) to Vivado generation flows.






Copyright 1986-2018 Xilinx, Inc. All Rights Reserved.
------------------------------------------------------------------------------------
| Tool Version : Vivado v.2018.3 (win64) Build 2405991 Thu Dec  6 23:38:27 MST 2018
| Date         : Mon Mar 20 18:18:30 2023
| Host         : DESKTOP-LA8ISAJ running 64-bit major release  (build 9200)
| Command      : upgrade_ip
| Device       : xc7z020clg400-2
------------------------------------------------------------------------------------

Upgrade Log for IP 'ila_ad'

1. Summary
----------

SUCCESS in the conversion of ila_ad (xilinx.com:ip:ila:6.2 (Rev. 8)) to Vivado generation flows.






Copyright 1986-2018 Xilinx, Inc. All Rights Reserved.
------------------------------------------------------------------------------------
| Tool Version : Vivado v.2018.3 (win64) Build 2405991 Thu Dec  6 23:38:27 MST 2018
| Date         : Mon Mar 20 18:18:06 2023
| Host         : DESKTOP-LA8ISAJ running 64-bit major release  (build 9200)
| Command      : upgrade_ip
| Device       : xc7z020clg400-2
------------------------------------------------------------------------------------

Upgrade Log for IP 'clock'

1. Summary
----------

SUCCESS in the conversion of clock (xilinx.com:ip:clk_wiz:6.0 (Rev. 2)) to Vivado generation flows.






Copyright 1986-2018 Xilinx, Inc. All Rights Reserved.
------------------------------------------------------------------------------------
| Tool Version : Vivado v.2018.3 (win64) Build 2405991 Thu Dec  6 23:38:27 MST 2018
| Date         : Tue May 12 11:11:31 2020
| Host         : DESKTOP-8PAFVVI running 64-bit major release  (build 9200)
| Command      : upgrade_ip
| Device       : xc7z010clg400-2
------------------------------------------------------------------------------------

Upgrade Log for IP 'rom8x512'

1. Summary
----------

SUCCESS in the conversion of rom8x512 (xilinx.com:ip:blk_mem_gen:8.4 (Rev. 2)) to Vivado generation flows.






Copyright 1986-2018 Xilinx, Inc. All Rights Reserved.
------------------------------------------------------------------------------------
| Tool Version : Vivado v.2018.3 (win64) Build 2405991 Thu Dec  6 23:38:27 MST 2018
| Date         : Tue May 12 11:11:30 2020
| Host         : DESKTOP-8PAFVVI running 64-bit major release  (build 9200)
| Command      : upgrade_ip
| Device       : xc7z010clg400-2
------------------------------------------------------------------------------------

Upgrade Log for IP 'ila_da'

1. Summary
----------

SUCCESS in the conversion of ila_da (xilinx.com:ip:ila:6.2 (Rev. 8)) to Vivado generation flows.






Copyright 1986-2018 Xilinx, Inc. All Rights Reserved.
------------------------------------------------------------------------------------
| Tool Version : Vivado v.2018.3 (win64) Build 2405991 Thu Dec  6 23:38:27 MST 2018
| Date         : Tue May 12 11:11:06 2020
| Host         : DESKTOP-8PAFVVI running 64-bit major release  (build 9200)
| Command      : upgrade_ip
| Device       : xc7z010clg400-2
------------------------------------------------------------------------------------

Upgrade Log for IP 'ila_ad'

1. Summary
----------

SUCCESS in the conversion of ila_ad (xilinx.com:ip:ila:6.2 (Rev. 8)) to Vivado generation flows.






Copyright 1986-2018 Xilinx, Inc. All Rights Reserved.
------------------------------------------------------------------------------------
| Tool Version : Vivado v.2018.3 (win64) Build 2405991 Thu Dec  6 23:38:27 MST 2018
| Date         : Tue May 12 11:10:41 2020
| Host         : DESKTOP-8PAFVVI running 64-bit major release  (build 9200)
| Command      : upgrade_ip
| Device       : xc7z010clg400-2
------------------------------------------------------------------------------------

Upgrade Log for IP 'clock'

1. Summary
----------

SUCCESS in the conversion of clock (xilinx.com:ip:clk_wiz:6.0 (Rev. 2)) to Vivado generation flows.

