
*** Running vivado
    with args -log lcd_top.vds -m64 -product Vivado -mode batch -messageDb vivado.pb -notrace -source lcd_top.tcl


****** Vivado v2018.3 (64-bit)
  **** SW Build 2405991 on Thu Dec  6 23:38:27 MST 2018
  **** IP Build 2404404 on Fri Dec  7 01:43:56 MST 2018
    ** Copyright 1986-2018 Xilinx, Inc. All Rights Reserved.

source lcd_top.tcl -notrace
INFO: [IP_Flow 19-234] Refreshing IP repositories
WARNING: [IP_Flow 19-2248] Failed to load user IP repository 'e:/demo/Z7-Lite/FPGA/ip_repo/vga'; Can't find the specified path.
If this directory should no longer be in your list of user repositories, go to the IP Settings dialog and remove it.
WARNING: [IP_Flow 19-2248] Failed to load user IP repository 'e:/demo/Z7-Lite/FPGA/ip_repo/hdmi_trans'; Can't find the specified path.
If this directory should no longer be in your list of user repositories, go to the IP Settings dialog and remove it.
INFO: [IP_Flow 19-2313] Loaded Vivado IP repository 'C:/Xilinx/Vivado/2018.3/data/ip'.
Command: synth_design -top lcd_top -part xc7z010clg400-1
Starting synth_design
Attempting to get a license for feature 'Synthesis' and/or device 'xc7z010'
INFO: [Common 17-349] Got license for feature 'Synthesis' and/or device 'xc7z010'
INFO: Launching helper process for spawning children vivado processes
INFO: Helper process launched with PID 1636 
---------------------------------------------------------------------------------
Starting RTL Elaboration : Time (s): cpu = 00:00:02 ; elapsed = 00:00:02 . Memory (MB): peak = 489.613 ; gain = 96.578
---------------------------------------------------------------------------------
INFO: [Synth 8-6157] synthesizing module 'lcd_top' [E:/demo/Z7-Lite/FPGA/Lab12_FPGA_LCD_img/lcd_img.srcs/sources_1/new/hdmi_trans_top.v:45]
INFO: [Synth 8-6157] synthesizing module 'clock' [E:/demo/Z7-Lite/FPGA/Lab12_FPGA_LCD_img/lcd_img.runs/synth_1/.Xil/Vivado-10192-DESKTOP-8PAFVVI/realtime/clock_stub.v:5]
INFO: [Synth 8-6155] done synthesizing module 'clock' (1#1) [E:/demo/Z7-Lite/FPGA/Lab12_FPGA_LCD_img/lcd_img.runs/synth_1/.Xil/Vivado-10192-DESKTOP-8PAFVVI/realtime/clock_stub.v:5]
INFO: [Synth 8-6157] synthesizing module 'vga_shift' [E:/demo/Z7-Lite/FPGA/Lab12_FPGA_LCD_img/lcd_img.srcs/sources_1/new/vga_shift.v:46]
	Parameter H_TOTAL bound to: 524 - type: integer 
	Parameter H_SYNC bound to: 40 - type: integer 
	Parameter H_START bound to: 42 - type: integer 
	Parameter H_END bound to: 522 - type: integer 
	Parameter V_TOTAL bound to: 285 - type: integer 
	Parameter V_SYNC bound to: 9 - type: integer 
	Parameter V_START bound to: 11 - type: integer 
	Parameter V_END bound to: 283 - type: integer 
	Parameter SQUARE_X bound to: 256 - type: integer 
	Parameter SQUARE_Y bound to: 256 - type: integer 
	Parameter SCREEN_X bound to: 480 - type: integer 
	Parameter SCREEN_Y bound to: 272 - type: integer 
INFO: [Synth 8-6155] done synthesizing module 'vga_shift' (2#1) [E:/demo/Z7-Lite/FPGA/Lab12_FPGA_LCD_img/lcd_img.srcs/sources_1/new/vga_shift.v:46]
INFO: [Synth 8-6157] synthesizing module 'rd_image' [E:/demo/Z7-Lite/FPGA/Lab12_FPGA_LCD_img/lcd_img.srcs/sources_1/new/rd_image.v:45]
	Parameter STOP_ADDR bound to: 65535 - type: integer 
INFO: [Synth 8-6157] synthesizing module 'rom_image' [E:/demo/Z7-Lite/FPGA/Lab12_FPGA_LCD_img/lcd_img.runs/synth_1/.Xil/Vivado-10192-DESKTOP-8PAFVVI/realtime/rom_image_stub.v:6]
INFO: [Synth 8-6155] done synthesizing module 'rom_image' (3#1) [E:/demo/Z7-Lite/FPGA/Lab12_FPGA_LCD_img/lcd_img.runs/synth_1/.Xil/Vivado-10192-DESKTOP-8PAFVVI/realtime/rom_image_stub.v:6]
INFO: [Synth 8-6155] done synthesizing module 'rd_image' (4#1) [E:/demo/Z7-Lite/FPGA/Lab12_FPGA_LCD_img/lcd_img.srcs/sources_1/new/rd_image.v:45]
INFO: [Synth 8-6155] done synthesizing module 'lcd_top' (5#1) [E:/demo/Z7-Lite/FPGA/Lab12_FPGA_LCD_img/lcd_img.srcs/sources_1/new/hdmi_trans_top.v:45]
WARNING: [Synth 8-3917] design lcd_top has port vpg_disp driven by constant 1
---------------------------------------------------------------------------------
Finished RTL Elaboration : Time (s): cpu = 00:00:03 ; elapsed = 00:00:03 . Memory (MB): peak = 545.836 ; gain = 152.801
---------------------------------------------------------------------------------

Report Check Netlist: 
+------+------------------+-------+---------+-------+------------------+
|      |Item              |Errors |Warnings |Status |Description       |
+------+------------------+-------+---------+-------+------------------+
|1     |multi_driven_nets |      0|        0|Passed |Multi driven nets |
+------+------------------+-------+---------+-------+------------------+
---------------------------------------------------------------------------------
Start Handling Custom Attributes
---------------------------------------------------------------------------------
---------------------------------------------------------------------------------
Finished Handling Custom Attributes : Time (s): cpu = 00:00:03 ; elapsed = 00:00:03 . Memory (MB): peak = 545.836 ; gain = 152.801
---------------------------------------------------------------------------------
---------------------------------------------------------------------------------
Finished RTL Optimization Phase 1 : Time (s): cpu = 00:00:03 ; elapsed = 00:00:03 . Memory (MB): peak = 545.836 ; gain = 152.801
---------------------------------------------------------------------------------
INFO: [Device 21-403] Loading part xc7z010clg400-1
INFO: [Project 1-570] Preparing netlist for logic optimization

Processing XDC Constraints
Initializing timing engine
Parsing XDC File [E:/demo/Z7-Lite/FPGA/Lab12_FPGA_LCD_img/lcd_img.runs/synth_1/.Xil/Vivado-10192-DESKTOP-8PAFVVI/rom_image/rom_image/rom_image_in_context.xdc] for cell 'inst_rd_image/inst_rom'
Finished Parsing XDC File [E:/demo/Z7-Lite/FPGA/Lab12_FPGA_LCD_img/lcd_img.runs/synth_1/.Xil/Vivado-10192-DESKTOP-8PAFVVI/rom_image/rom_image/rom_image_in_context.xdc] for cell 'inst_rd_image/inst_rom'
Parsing XDC File [E:/demo/Z7-Lite/FPGA/Lab12_FPGA_LCD_img/lcd_img.runs/synth_1/.Xil/Vivado-10192-DESKTOP-8PAFVVI/clock/clock/clock_in_context.xdc] for cell 'inst_clock'
Finished Parsing XDC File [E:/demo/Z7-Lite/FPGA/Lab12_FPGA_LCD_img/lcd_img.runs/synth_1/.Xil/Vivado-10192-DESKTOP-8PAFVVI/clock/clock/clock_in_context.xdc] for cell 'inst_clock'
Parsing XDC File [E:/demo/Z7-Lite/FPGA/Lab12_FPGA_LCD_img/lcd_img.srcs/constrs_1/new/top_pin.xdc]
WARNING: [Constraints 18-619] A clock with name 'clk' already exists, overwriting the previous clock with the same name. [E:/demo/Z7-Lite/FPGA/Lab12_FPGA_LCD_img/lcd_img.srcs/constrs_1/new/top_pin.xdc:2]
Finished Parsing XDC File [E:/demo/Z7-Lite/FPGA/Lab12_FPGA_LCD_img/lcd_img.srcs/constrs_1/new/top_pin.xdc]
INFO: [Project 1-236] Implementation specific constraints were found while reading constraint file [E:/demo/Z7-Lite/FPGA/Lab12_FPGA_LCD_img/lcd_img.srcs/constrs_1/new/top_pin.xdc]. These constraints will be ignored for synthesis but will be used in implementation. Impacted constraints are listed in the file [.Xil/lcd_top_propImpl.xdc].
Resolution: To avoid this warning, move constraints listed in [.Xil/lcd_top_propImpl.xdc] to another XDC file and exclude this new file from synthesis with the used_in_synthesis property (File Properties dialog in GUI) and re-run elaboration/synthesis.
Netlist sorting complete. Time (s): cpu = 00:00:00 ; elapsed = 00:00:00 . Memory (MB): peak = 891.488 ; gain = 0.000
Completed Processing XDC Constraints

Netlist sorting complete. Time (s): cpu = 00:00:00 ; elapsed = 00:00:00.001 . Memory (MB): peak = 891.488 ; gain = 0.000
INFO: [Project 1-111] Unisim Transformation Summary:
No Unisim elements were transformed.

Netlist sorting complete. Time (s): cpu = 00:00:00 ; elapsed = 00:00:00 . Memory (MB): peak = 891.488 ; gain = 0.000
Constraint Validation Runtime : Time (s): cpu = 00:00:00 ; elapsed = 00:00:00.007 . Memory (MB): peak = 891.488 ; gain = 0.000
---------------------------------------------------------------------------------
Finished Constraint Validation : Time (s): cpu = 00:00:10 ; elapsed = 00:00:11 . Memory (MB): peak = 891.488 ; gain = 498.453
---------------------------------------------------------------------------------
---------------------------------------------------------------------------------
Start Loading Part and Timing Information
---------------------------------------------------------------------------------
Loading part: xc7z010clg400-1
---------------------------------------------------------------------------------
Finished Loading Part and Timing Information : Time (s): cpu = 00:00:10 ; elapsed = 00:00:11 . Memory (MB): peak = 891.488 ; gain = 498.453
---------------------------------------------------------------------------------
---------------------------------------------------------------------------------
Start Applying 'set_property' XDC Constraints
---------------------------------------------------------------------------------
Applied set_property IO_BUFFER_TYPE = NONE for clk. (constraint file  E:/demo/Z7-Lite/FPGA/Lab12_FPGA_LCD_img/lcd_img.runs/synth_1/.Xil/Vivado-10192-DESKTOP-8PAFVVI/clock/clock/clock_in_context.xdc, line 3).
Applied set_property CLOCK_BUFFER_TYPE = NONE for clk. (constraint file  E:/demo/Z7-Lite/FPGA/Lab12_FPGA_LCD_img/lcd_img.runs/synth_1/.Xil/Vivado-10192-DESKTOP-8PAFVVI/clock/clock/clock_in_context.xdc, line 4).
Applied set_property DONT_TOUCH = true for inst_rd_image/inst_rom. (constraint file  auto generated constraint, line ).
Applied set_property DONT_TOUCH = true for inst_clock. (constraint file  auto generated constraint, line ).
---------------------------------------------------------------------------------
Finished applying 'set_property' XDC Constraints : Time (s): cpu = 00:00:10 ; elapsed = 00:00:11 . Memory (MB): peak = 891.488 ; gain = 498.453
---------------------------------------------------------------------------------
INFO: [Synth 8-5818] HDL ADVISOR - The operator resource <adder> is shared. To prevent sharing consider applying a KEEP on the output of the operator [E:/demo/Z7-Lite/FPGA/Lab12_FPGA_LCD_img/lcd_img.srcs/sources_1/new/vga_shift.v:171]
INFO: [Synth 8-5818] HDL ADVISOR - The operator resource <adder> is shared. To prevent sharing consider applying a KEEP on the output of the operator [E:/demo/Z7-Lite/FPGA/Lab12_FPGA_LCD_img/lcd_img.srcs/sources_1/new/vga_shift.v:197]
INFO: [Synth 8-5546] ROM "cnt_v" won't be mapped to RAM because it is too sparse
INFO: [Synth 8-5546] ROM "vpg_hs" won't be mapped to RAM because it is too sparse
INFO: [Synth 8-5546] ROM "cnt_v" won't be mapped to RAM because it is too sparse
INFO: [Synth 8-5546] ROM "vpg_hs" won't be mapped to RAM because it is too sparse
---------------------------------------------------------------------------------
Finished RTL Optimization Phase 2 : Time (s): cpu = 00:00:11 ; elapsed = 00:00:11 . Memory (MB): peak = 891.488 ; gain = 498.453
---------------------------------------------------------------------------------

Report RTL Partitions: 
+-+--------------+------------+----------+
| |RTL Partition |Replication |Instances |
+-+--------------+------------+----------+
+-+--------------+------------+----------+
---------------------------------------------------------------------------------
Start RTL Component Statistics 
---------------------------------------------------------------------------------
Detailed RTL Component Info : 
+---Adders : 
	   2 Input     16 Bit       Adders := 1     
	   3 Input     14 Bit       Adders := 1     
	   2 Input     13 Bit       Adders := 6     
+---Registers : 
	               24 Bit    Registers := 1     
	               16 Bit    Registers := 1     
	               13 Bit    Registers := 1     
	                1 Bit    Registers := 6     
+---Muxes : 
	   5 Input     24 Bit        Muxes := 1     
	   2 Input     16 Bit        Muxes := 1     
	   2 Input     13 Bit        Muxes := 1     
	   2 Input      1 Bit        Muxes := 10    
---------------------------------------------------------------------------------
Finished RTL Component Statistics 
---------------------------------------------------------------------------------
---------------------------------------------------------------------------------
Start RTL Hierarchical Component Statistics 
---------------------------------------------------------------------------------
Hierarchical RTL Component report 
Module vga_shift 
Detailed RTL Component Info : 
+---Adders : 
	   3 Input     14 Bit       Adders := 1     
	   2 Input     13 Bit       Adders := 6     
+---Registers : 
	               24 Bit    Registers := 1     
	               13 Bit    Registers := 1     
	                1 Bit    Registers := 6     
+---Muxes : 
	   5 Input     24 Bit        Muxes := 1     
	   2 Input     13 Bit        Muxes := 1     
	   2 Input      1 Bit        Muxes := 10    
Module rd_image 
Detailed RTL Component Info : 
+---Adders : 
	   2 Input     16 Bit       Adders := 1     
+---Registers : 
	               16 Bit    Registers := 1     
+---Muxes : 
	   2 Input     16 Bit        Muxes := 1     
---------------------------------------------------------------------------------
Finished RTL Hierarchical Component Statistics
---------------------------------------------------------------------------------
---------------------------------------------------------------------------------
Start Part Resource Summary
---------------------------------------------------------------------------------
Part Resources:
DSPs: 80 (col length:40)
BRAMs: 120 (col length: RAMB18 40 RAMB36 20)
---------------------------------------------------------------------------------
Finished Part Resource Summary
---------------------------------------------------------------------------------
---------------------------------------------------------------------------------
Start Cross Boundary and Area Optimization
---------------------------------------------------------------------------------
Warning: Parallel synthesis criteria is not met 
INFO: [Synth 8-5546] ROM "inst_vga_shift/cnt_v" won't be mapped to RAM because it is too sparse
INFO: [Synth 8-5546] ROM "inst_vga_shift/vpg_hs" won't be mapped to RAM because it is too sparse
WARNING: [Synth 8-3917] design lcd_top has port vpg_disp driven by constant 1
---------------------------------------------------------------------------------
Finished Cross Boundary and Area Optimization : Time (s): cpu = 00:00:12 ; elapsed = 00:00:13 . Memory (MB): peak = 891.488 ; gain = 498.453
---------------------------------------------------------------------------------

Report RTL Partitions: 
+-+--------------+------------+----------+
| |RTL Partition |Replication |Instances |
+-+--------------+------------+----------+
+-+--------------+------------+----------+
---------------------------------------------------------------------------------
Start Applying XDC Timing Constraints
---------------------------------------------------------------------------------
INFO: [Synth 8-5578] Moved timing constraint from pin 'inst_clock/clk_out1' to pin 'inst_clock/bbstub_clk_out1/O'
WARNING: [Synth 8-565] redefining clock 'clk'
INFO: [Synth 8-5819] Moved 1 constraints on hierarchical pins to their respective driving/loading pins
---------------------------------------------------------------------------------
Finished Applying XDC Timing Constraints : Time (s): cpu = 00:00:18 ; elapsed = 00:00:19 . Memory (MB): peak = 891.488 ; gain = 498.453
---------------------------------------------------------------------------------
---------------------------------------------------------------------------------
Start Timing Optimization
---------------------------------------------------------------------------------
---------------------------------------------------------------------------------
Finished Timing Optimization : Time (s): cpu = 00:00:19 ; elapsed = 00:00:20 . Memory (MB): peak = 906.434 ; gain = 513.398
---------------------------------------------------------------------------------

Report RTL Partitions: 
+-+--------------+------------+----------+
| |RTL Partition |Replication |Instances |
+-+--------------+------------+----------+
+-+--------------+------------+----------+
---------------------------------------------------------------------------------
Start Technology Mapping
---------------------------------------------------------------------------------
---------------------------------------------------------------------------------
Finished Technology Mapping : Time (s): cpu = 00:00:19 ; elapsed = 00:00:20 . Memory (MB): peak = 906.434 ; gain = 513.398
---------------------------------------------------------------------------------

Report RTL Partitions: 
+-+--------------+------------+----------+
| |RTL Partition |Replication |Instances |
+-+--------------+------------+----------+
+-+--------------+------------+----------+
---------------------------------------------------------------------------------
Start IO Insertion
---------------------------------------------------------------------------------
---------------------------------------------------------------------------------
Start Flattening Before IO Insertion
---------------------------------------------------------------------------------
---------------------------------------------------------------------------------
Finished Flattening Before IO Insertion
---------------------------------------------------------------------------------
---------------------------------------------------------------------------------
Start Final Netlist Cleanup
---------------------------------------------------------------------------------
---------------------------------------------------------------------------------
Finished Final Netlist Cleanup
---------------------------------------------------------------------------------
---------------------------------------------------------------------------------
Finished IO Insertion : Time (s): cpu = 00:00:20 ; elapsed = 00:00:21 . Memory (MB): peak = 906.434 ; gain = 513.398
---------------------------------------------------------------------------------

Report Check Netlist: 
+------+------------------+-------+---------+-------+------------------+
|      |Item              |Errors |Warnings |Status |Description       |
+------+------------------+-------+---------+-------+------------------+
|1     |multi_driven_nets |      0|        0|Passed |Multi driven nets |
+------+------------------+-------+---------+-------+------------------+
---------------------------------------------------------------------------------
Start Renaming Generated Instances
---------------------------------------------------------------------------------
---------------------------------------------------------------------------------
Finished Renaming Generated Instances : Time (s): cpu = 00:00:20 ; elapsed = 00:00:21 . Memory (MB): peak = 906.434 ; gain = 513.398
---------------------------------------------------------------------------------

Report RTL Partitions: 
+-+--------------+------------+----------+
| |RTL Partition |Replication |Instances |
+-+--------------+------------+----------+
+-+--------------+------------+----------+
---------------------------------------------------------------------------------
Start Rebuilding User Hierarchy
---------------------------------------------------------------------------------
---------------------------------------------------------------------------------
Finished Rebuilding User Hierarchy : Time (s): cpu = 00:00:20 ; elapsed = 00:00:21 . Memory (MB): peak = 906.434 ; gain = 513.398
---------------------------------------------------------------------------------
---------------------------------------------------------------------------------
Start Renaming Generated Ports
---------------------------------------------------------------------------------
---------------------------------------------------------------------------------
Finished Renaming Generated Ports : Time (s): cpu = 00:00:20 ; elapsed = 00:00:21 . Memory (MB): peak = 906.434 ; gain = 513.398
---------------------------------------------------------------------------------
---------------------------------------------------------------------------------
Start Handling Custom Attributes
---------------------------------------------------------------------------------
---------------------------------------------------------------------------------
Finished Handling Custom Attributes : Time (s): cpu = 00:00:20 ; elapsed = 00:00:21 . Memory (MB): peak = 906.434 ; gain = 513.398
---------------------------------------------------------------------------------
---------------------------------------------------------------------------------
Start Renaming Generated Nets
---------------------------------------------------------------------------------
---------------------------------------------------------------------------------
Finished Renaming Generated Nets : Time (s): cpu = 00:00:20 ; elapsed = 00:00:21 . Memory (MB): peak = 906.434 ; gain = 513.398
---------------------------------------------------------------------------------
---------------------------------------------------------------------------------
Start Writing Synthesis Report
---------------------------------------------------------------------------------

Report BlackBoxes: 
+------+--------------+----------+
|      |BlackBox name |Instances |
+------+--------------+----------+
|1     |clock         |         1|
|2     |rom_image     |         1|
+------+--------------+----------+

Report Cell Usage: 
+------+----------+------+
|      |Cell      |Count |
+------+----------+------+
|1     |clock     |     1|
|2     |rom_image |     1|
|3     |CARRY4    |    48|
|4     |LUT1      |    16|
|5     |LUT2      |    77|
|6     |LUT3      |    32|
|7     |LUT4      |    88|
|8     |LUT5      |    14|
|9     |LUT6      |    20|
|10    |FDRE      |    94|
|11    |FDSE      |     2|
|12    |IBUF      |     1|
|13    |OBUF      |    29|
+------+----------+------+

Report Instance Areas: 
+------+-----------------+----------+------+
|      |Instance         |Module    |Cells |
+------+-----------------+----------+------+
|1     |top              |          |   447|
|2     |  inst_rd_image  |rd_image  |    64|
|3     |  inst_vga_shift |vga_shift |   351|
+------+-----------------+----------+------+
---------------------------------------------------------------------------------
Finished Writing Synthesis Report : Time (s): cpu = 00:00:20 ; elapsed = 00:00:21 . Memory (MB): peak = 906.434 ; gain = 513.398
---------------------------------------------------------------------------------
Synthesis finished with 0 errors, 0 critical warnings and 2 warnings.
Synthesis Optimization Runtime : Time (s): cpu = 00:00:12 ; elapsed = 00:00:15 . Memory (MB): peak = 906.434 ; gain = 167.746
Synthesis Optimization Complete : Time (s): cpu = 00:00:20 ; elapsed = 00:00:21 . Memory (MB): peak = 906.434 ; gain = 513.398
INFO: [Project 1-571] Translating synthesized netlist
INFO: [Netlist 29-17] Analyzing 48 Unisim elements for replacement
INFO: [Netlist 29-28] Unisim Transformation completed in 0 CPU seconds
INFO: [Project 1-570] Preparing netlist for logic optimization
INFO: [Opt 31-138] Pushed 0 inverter(s) to 0 load pin(s).
Netlist sorting complete. Time (s): cpu = 00:00:00 ; elapsed = 00:00:00 . Memory (MB): peak = 907.859 ; gain = 0.000
INFO: [Project 1-111] Unisim Transformation Summary:
No Unisim elements were transformed.

INFO: [Common 17-83] Releasing license: Synthesis
34 Infos, 6 Warnings, 0 Critical Warnings and 0 Errors encountered.
synth_design completed successfully
synth_design: Time (s): cpu = 00:00:22 ; elapsed = 00:00:23 . Memory (MB): peak = 907.859 ; gain = 526.289
Netlist sorting complete. Time (s): cpu = 00:00:00 ; elapsed = 00:00:00 . Memory (MB): peak = 907.859 ; gain = 0.000
WARNING: [Constraints 18-5210] No constraints selected for write.
Resolution: This message can indicate that there are no constraints for the design, or it can indicate that the used_in flags are set such that the constraints are ignored. This later case is used when running synth_design to not write synthesis constraints to the resulting checkpoint. Instead, project constraints are read when the synthesized design is opened.
INFO: [Common 17-1381] The checkpoint 'E:/demo/Z7-Lite/FPGA/Lab12_FPGA_LCD_img/lcd_img.runs/synth_1/lcd_top.dcp' has been generated.
INFO: [runtcl-4] Executing : report_utilization -file lcd_top_utilization_synth.rpt -pb lcd_top_utilization_synth.pb
INFO: [Common 17-206] Exiting Vivado at Mon Jun 29 17:27:54 2020...
