16:59:30 INFO  : Registering command handlers for SDK TCF services
16:59:31 INFO  : Launching XSCT server: xsct.bat -interactive C:\Users\mp02\Desktop\mz7020_ov5640_quad\ov5640_quad\ov5640_quad.sdk\temp_xsdb_launch_script.tcl
16:59:35 INFO  : XSCT server has started successfully.
16:59:36 INFO  : Successfully done setting XSCT server connection channel  
16:59:36 INFO  : Successfully done setting SDK workspace  
16:59:36 INFO  : Processing command line option -hwspec C:/Users/mp02/Desktop/mz7020_ov5640_quad/ov5640_quad/ov5640_quad.sdk/top.hdf.
17:01:36 INFO  : Connected to target on host '127.0.0.1' and port '3121'.
17:01:37 INFO  : Jtag cable 'Digilent JTAG-HS2 201706300081' is selected.
17:01:37 INFO  : 'jtag frequency' command is executed.
17:01:37 INFO  : Sourcing of 'C:/Users/mp02/Desktop/mz7020_ov5640_quad/ov5640_quad/ov5640_quad.sdk/top_hw_platform_0/ps7_init.tcl' is done.
17:01:40 ERROR : no targets found with "name =~"APU*" && jtag_cable_name =~ "Digilent JTAG-HS2 201706300081"". available targets:
  1  DAP (JTAG port open error. AP transaction error, DAP status 30000021)
  2  xc7z020
17:01:40 INFO  : ----------------XSDB Script----------------
connect -url tcp:127.0.0.1:3121
source C:/Users/mp02/Desktop/mz7020_ov5640_quad/ov5640_quad/ov5640_quad.sdk/top_hw_platform_0/ps7_init.tcl
targets -set -nocase -filter {name =~"APU*" && jtag_cable_name =~ "Digilent JTAG-HS2 201706300081"} -index 0
----------------End of Script----------------

17:02:15 INFO  : Connected to target on host '127.0.0.1' and port '3121'.
17:02:15 INFO  : Jtag cable 'Digilent JTAG-HS2 201706300081' is selected.
17:02:15 INFO  : 'jtag frequency' command is executed.
17:02:15 INFO  : Sourcing of 'C:/Users/mp02/Desktop/mz7020_ov5640_quad/ov5640_quad/ov5640_quad.sdk/top_hw_platform_0/ps7_init.tcl' is done.
17:02:15 INFO  : Context for 'APU' is selected.
17:02:15 INFO  : System reset is completed.
17:02:18 INFO  : 'after 3000' command is executed.
17:02:18 INFO  : 'targets -set -filter {jtag_cable_name =~ "Digilent JTAG-HS2 201706300081" && level==0} -index 1' command is executed.
17:02:20 INFO  : FPGA configured successfully with bitstream "C:/Users/mp02/Desktop/mz7020_ov5640_quad/ov5640_quad/ov5640_quad.sdk/top_hw_platform_0/top.bit"
17:02:20 INFO  : Context for 'APU' is selected.
17:02:20 INFO  : Hardware design information is loaded from 'C:/Users/mp02/Desktop/mz7020_ov5640_quad/ov5640_quad/ov5640_quad.sdk/top_hw_platform_0/system.hdf'.
17:02:20 INFO  : 'configparams force-mem-access 1' command is executed.
17:02:20 INFO  : Context for 'APU' is selected.
17:02:20 INFO  : 'ps7_init' command is executed.
17:02:20 INFO  : 'ps7_post_config' command is executed.
17:02:20 INFO  : Context for processor 'ps7_cortexa9_0' is selected.
17:02:20 INFO  : The application 'C:/Users/mp02/Desktop/mz7020_ov5640_quad/ov5640_quad/ov5640_quad.sdk/ov5640/Debug/ov5640.elf' is downloaded to processor 'ps7_cortexa9_0'.
17:02:20 INFO  : 'configparams force-mem-access 0' command is executed.
17:02:20 INFO  : ----------------XSDB Script----------------
connect -url tcp:127.0.0.1:3121
source C:/Users/mp02/Desktop/mz7020_ov5640_quad/ov5640_quad/ov5640_quad.sdk/top_hw_platform_0/ps7_init.tcl
targets -set -nocase -filter {name =~"APU*" && jtag_cable_name =~ "Digilent JTAG-HS2 201706300081"} -index 0
rst -system
after 3000
targets -set -filter {jtag_cable_name =~ "Digilent JTAG-HS2 201706300081" && level==0} -index 1
fpga -file C:/Users/mp02/Desktop/mz7020_ov5640_quad/ov5640_quad/ov5640_quad.sdk/top_hw_platform_0/top.bit
targets -set -nocase -filter {name =~"APU*" && jtag_cable_name =~ "Digilent JTAG-HS2 201706300081"} -index 0
loadhw -hw C:/Users/mp02/Desktop/mz7020_ov5640_quad/ov5640_quad/ov5640_quad.sdk/top_hw_platform_0/system.hdf -mem-ranges [list {0x40000000 0xbfffffff}]
configparams force-mem-access 1
targets -set -nocase -filter {name =~"APU*" && jtag_cable_name =~ "Digilent JTAG-HS2 201706300081"} -index 0
ps7_init
ps7_post_config
targets -set -nocase -filter {name =~ "ARM*#0" && jtag_cable_name =~ "Digilent JTAG-HS2 201706300081"} -index 0
dow C:/Users/mp02/Desktop/mz7020_ov5640_quad/ov5640_quad/ov5640_quad.sdk/ov5640/Debug/ov5640.elf
configparams force-mem-access 0
----------------End of Script----------------

17:02:20 INFO  : Memory regions updated for context APU
17:02:21 INFO  : Context for processor 'ps7_cortexa9_0' is selected.
17:02:21 INFO  : 'con' command is executed.
17:02:21 INFO  : ----------------XSDB Script (After Launch)----------------
targets -set -nocase -filter {name =~ "ARM*#0" && jtag_cable_name =~ "Digilent JTAG-HS2 201706300081"} -index 0
con
----------------End of Script----------------

17:02:21 INFO  : Launch script is exported to file 'C:\Users\mp02\Desktop\mz7020_ov5640_quad\ov5640_quad\ov5640_quad.sdk\.sdk\launch_scripts\xilinx_c-c++_application_(system_debugger)\system_debugger_using_debug_ov5640.elf_on_local.tcl'
17:38:29 INFO  : Disconnected from the channel tcfchan#1.
