# do {tb_pll_led_compile.do}
# ** Warning: (vlib-34) Library already exists at "modelsim_lib/work".
# ** Warning: (vlib-34) Library already exists at "modelsim_lib/msim".
# ** Warning: (vlib-34) Library already exists at "modelsim_lib/msim/xil_defaultlib".
# Model Technology ModelSim SE-64 vmap 10.7 Lib Mapping Utility 2017.12 Dec  7 2017
# vmap xil_defaultlib modelsim_lib/msim/xil_defaultlib 
# Modifying C:\Xilinx\Xlib\modelsim.ini
# ** Warning: (vlog-159) Mode option -64 is not supported in this context and will be ignored.
# Model Technology ModelSim SE-64 vlog 10.7 Compiler 2017.12 Dec  7 2017
# Start time: 17:37:52 on Jul 02,2020
# vlog -64 -incr -work xil_defaultlib "+incdir+../../../../pll.srcs/sources_1/ip/clock" ../../../../pll.srcs/sources_1/ip/clock/clock_clk_wiz.v ../../../../pll.srcs/sources_1/ip/clock/clock.v ../../../../pll.srcs/sources_1/new/pll_led.v ../../../tb_pll_led.v 
# -- Skipping module clock_clk_wiz
# -- Skipping module clock
# -- Skipping module pll_led
# -- Compiling module tb_pll_led
# 
# Top level modules:
# 	tb_pll_led
# End time: 17:37:53 on Jul 02,2020, Elapsed time: 0:00:01
# Errors: 0, Warnings: 1
# Model Technology ModelSim SE-64 vlog 10.7 Compiler 2017.12 Dec  7 2017
# Start time: 17:37:53 on Jul 02,2020
# vlog -work xil_defaultlib glbl.v 
# -- Compiling module glbl
# 
# Top level modules:
# 	glbl
# End time: 17:37:53 on Jul 02,2020, Elapsed time: 0:00:00
# Errors: 0, Warnings: 0
