# //  ModelSim SE-64 10.7 Dec  7 2017
# //
# //  Copyright 1991-2017 Mentor Graphics Corporation
# //  All Rights Reserved.
# //
# //  ModelSim SE-64 and its associated documentation contain trade
# //  secrets and commercial or financial information that are the property of
# //  Mentor Graphics Corporation and are privileged, confidential,
# //  and exempt from disclosure under the Freedom of Information Act,
# //  5 U.S.C. Section 552. Furthermore, this information
# //  is prohibited from disclosure under the Trade Secrets Act,
# //  18 U.S.C. Section 1905.
# //
# do {tb_pll_led_simulate.do}
# vsim -voptargs=""+acc"" -L xil_defaultlib -L unisims_ver -L unimacro_ver -L secureip -L xpm -lib xil_defaultlib xil_defaultlib.tb_pll_led xil_defaultlib.glbl 
# Start time: 17:38:05 on Jul 02,2020
# ** Note: (vsim-3812) Design is being optimized...
# Loading work.tb_pll_led(fast)
# Loading work.pll_led(fast)
# Loading work.clock(fast)
# Loading work.clock_clk_wiz(fast)
# Loading unisims_ver.IBUF(fast)
# Loading unisims_ver.MMCME2_ADV(fast)
# Loading unisims_ver.BUFG(fast)
# Loading work.glbl(fast)
# 1
# 1
# .main_pane.wave.interior.cs.body.pw.wf
# .main_pane.structure.interior.cs.body.struct
# .main_pane.objects.interior.cs.body.tree
# Warning: [Unisim MMCME2_ADV-20] Input CLKIN1 period and attribute CLKIN1_PERIOD are not same. Instance tb_pll_led.inst_pll_led.clock_inst.inst.mmcm_adv_inst 
restart
# ** Note: (vsim-8009) Loading existing optimized design _opt
# Loading work.tb_pll_led(fast)
# Loading work.pll_led(fast)
# Loading work.clock(fast)
# Loading work.clock_clk_wiz(fast)
# Loading unisims_ver.IBUF(fast)
# Loading unisims_ver.MMCME2_ADV(fast)
# Loading unisims_ver.BUFG(fast)
# Loading work.glbl(fast)
add wave -position insertpoint sim:/tb_pll_led/inst_pll_led/*
run
# Warning: [Unisim MMCME2_ADV-20] Input CLKIN1 period and attribute CLKIN1_PERIOD are not same. Instance tb_pll_led.inst_pll_led.clock_inst.inst.mmcm_adv_inst 
do tb_pll_led_compile.do
# ** Warning: (vlib-34) Library already exists at "modelsim_lib/work".
# ** Warning: (vlib-34) Library already exists at "modelsim_lib/msim".
# ** Warning: (vlib-34) Library already exists at "modelsim_lib/msim/xil_defaultlib".
# Model Technology ModelSim SE-64 vmap 10.7 Lib Mapping Utility 2017.12 Dec  7 2017
# vmap xil_defaultlib modelsim_lib/msim/xil_defaultlib 
# Modifying C:\Xilinx\Xlib\modelsim.ini
# ** Warning: (vlog-159) Mode option -64 is not supported in this context and will be ignored.
# Model Technology ModelSim SE-64 vlog 10.7 Compiler 2017.12 Dec  7 2017
# Start time: 17:39:49 on Jul 02,2020
# vlog -64 -incr -work xil_defaultlib "+incdir+../../../../pll.srcs/sources_1/ip/clock" ../../../../pll.srcs/sources_1/ip/clock/clock_clk_wiz.v ../../../../pll.srcs/sources_1/ip/clock/clock.v ../../../../pll.srcs/sources_1/new/pll_led.v ../../../tb_pll_led.v 
# -- Skipping module clock_clk_wiz
# -- Skipping module clock
# -- Skipping module pll_led
# -- Compiling module tb_pll_led
# 
# Top level modules:
# 	tb_pll_led
# End time: 17:39:49 on Jul 02,2020, Elapsed time: 0:00:00
# Errors: 0, Warnings: 1
# Model Technology ModelSim SE-64 vlog 10.7 Compiler 2017.12 Dec  7 2017
# Start time: 17:39:49 on Jul 02,2020
# vlog -work xil_defaultlib glbl.v 
# -- Compiling module glbl
# 
# Top level modules:
# 	glbl
# End time: 17:39:49 on Jul 02,2020, Elapsed time: 0:00:00
# Errors: 0, Warnings: 0
restart
# ** Note: (vsim-3813) Design is being optimized due to module recompilation...
# Loading work.tb_pll_led(fast)
# Loading work.pll_led(fast)
# Loading work.clock(fast)
# Loading work.clock_clk_wiz(fast)
# Loading unisims_ver.IBUF(fast)
# Loading unisims_ver.MMCME2_ADV(fast)
# Loading unisims_ver.BUFG(fast)
# Loading work.glbl(fast)
run
# Warning: [Unisim MMCME2_ADV-20] Input CLKIN1 period and attribute CLKIN1_PERIOD are not same. Instance tb_pll_led.inst_pll_led.clock_inst.inst.mmcm_adv_inst 
restart
# ** Note: (vsim-8009) Loading existing optimized design _opt
# Loading work.tb_pll_led(fast)
# Loading work.pll_led(fast)
# Loading work.clock(fast)
# Loading work.clock_clk_wiz(fast)
# Loading unisims_ver.IBUF(fast)
# Loading unisims_ver.MMCME2_ADV(fast)
# Loading unisims_ver.BUFG(fast)
# Loading work.glbl(fast)
run
# Warning: [Unisim MMCME2_ADV-20] Input CLKIN1 period and attribute CLKIN1_PERIOD are not same. Instance tb_pll_led.inst_pll_led.clock_inst.inst.mmcm_adv_inst 
run -all
do tb_pll_led_compile.do
# ** Warning: (vlib-34) Library already exists at "modelsim_lib/work".
# ** Warning: (vlib-34) Library already exists at "modelsim_lib/msim".
# ** Warning: (vlib-34) Library already exists at "modelsim_lib/msim/xil_defaultlib".
# Model Technology ModelSim SE-64 vmap 10.7 Lib Mapping Utility 2017.12 Dec  7 2017
# vmap xil_defaultlib modelsim_lib/msim/xil_defaultlib 
# Modifying C:\Xilinx\Xlib\modelsim.ini
# ** Warning: (vlog-159) Mode option -64 is not supported in this context and will be ignored.
# Model Technology ModelSim SE-64 vlog 10.7 Compiler 2017.12 Dec  7 2017
# Start time: 17:40:30 on Jul 02,2020
# vlog -64 -incr -work xil_defaultlib "+incdir+../../../../pll.srcs/sources_1/ip/clock" ../../../../pll.srcs/sources_1/ip/clock/clock_clk_wiz.v ../../../../pll.srcs/sources_1/ip/clock/clock.v ../../../../pll.srcs/sources_1/new/pll_led.v ../../../tb_pll_led.v 
# -- Skipping module clock_clk_wiz
# -- Skipping module clock
# -- Skipping module pll_led
# -- Compiling module tb_pll_led
# 
# Top level modules:
# 	tb_pll_led
# End time: 17:40:30 on Jul 02,2020, Elapsed time: 0:00:00
# Errors: 0, Warnings: 1
# Model Technology ModelSim SE-64 vlog 10.7 Compiler 2017.12 Dec  7 2017
# Start time: 17:40:30 on Jul 02,2020
# vlog -work xil_defaultlib glbl.v 
# -- Compiling module glbl
# 
# Top level modules:
# 	glbl
# End time: 17:40:30 on Jul 02,2020, Elapsed time: 0:00:00
# Errors: 0, Warnings: 0
restart
# ** Note: (vsim-3813) Design is being optimized due to module recompilation...
# Loading work.tb_pll_led(fast)
# Loading work.pll_led(fast)
# Loading work.clock(fast)
# Loading work.clock_clk_wiz(fast)
# Loading unisims_ver.IBUF(fast)
# Loading unisims_ver.MMCME2_ADV(fast)
# Loading unisims_ver.BUFG(fast)
# Loading work.glbl(fast)
run
# Warning: [Unisim MMCME2_ADV-20] Input CLKIN1 period and attribute CLKIN1_PERIOD are not same. Instance tb_pll_led.inst_pll_led.clock_inst.inst.mmcm_adv_inst 
# Causality operation skipped due to absence of debug database file
do tb_pll_led_compile.do
# ** Warning: (vlib-34) Library already exists at "modelsim_lib/work".
# ** Warning: (vlib-34) Library already exists at "modelsim_lib/msim".
# ** Warning: (vlib-34) Library already exists at "modelsim_lib/msim/xil_defaultlib".
# Model Technology ModelSim SE-64 vmap 10.7 Lib Mapping Utility 2017.12 Dec  7 2017
# vmap xil_defaultlib modelsim_lib/msim/xil_defaultlib 
# Modifying C:\Xilinx\Xlib\modelsim.ini
# ** Warning: (vlog-159) Mode option -64 is not supported in this context and will be ignored.
# Model Technology ModelSim SE-64 vlog 10.7 Compiler 2017.12 Dec  7 2017
# Start time: 17:42:58 on Jul 02,2020
# vlog -64 -incr -work xil_defaultlib "+incdir+../../../../pll.srcs/sources_1/ip/clock" ../../../../pll.srcs/sources_1/ip/clock/clock_clk_wiz.v ../../../../pll.srcs/sources_1/ip/clock/clock.v ../../../../pll.srcs/sources_1/new/pll_led.v ../../../tb_pll_led.v 
# -- Skipping module clock_clk_wiz
# -- Skipping module clock
# -- Skipping module pll_led
# -- Compiling module tb_pll_led
# 
# Top level modules:
# 	tb_pll_led
# End time: 17:42:58 on Jul 02,2020, Elapsed time: 0:00:00
# Errors: 0, Warnings: 1
# Model Technology ModelSim SE-64 vlog 10.7 Compiler 2017.12 Dec  7 2017
# Start time: 17:42:58 on Jul 02,2020
# vlog -work xil_defaultlib glbl.v 
# -- Compiling module glbl
# 
# Top level modules:
# 	glbl
# End time: 17:42:58 on Jul 02,2020, Elapsed time: 0:00:00
# Errors: 0, Warnings: 0
restart
# ** Note: (vsim-3813) Design is being optimized due to module recompilation...
# Loading work.tb_pll_led(fast)
# Loading work.pll_led(fast)
# Loading work.clock(fast)
# Loading work.clock_clk_wiz(fast)
# Loading unisims_ver.IBUF(fast)
# Loading unisims_ver.MMCME2_ADV(fast)
# Loading unisims_ver.BUFG(fast)
# Loading work.glbl(fast)
run
# End time: 17:46:19 on Jul 02,2020, Elapsed time: 0:08:14
# Errors: 0, Warnings: 1
