Copyright 1986-2018 Xilinx, Inc. All Rights Reserved.
-----------------------------------------------------------------------------------------------------------------------------------------------------------
| Tool Version : Vivado v.2018.3 (win64) Build 2405991 Thu Dec  6 23:38:27 MST 2018
| Date         : Thu Jul  2 10:39:39 2020
| Host         : DESKTOP-8PAFVVI running 64-bit major release  (build 9200)
| Command      : report_methodology -file key_led_methodology_drc_routed.rpt -pb key_led_methodology_drc_routed.pb -rpx key_led_methodology_drc_routed.rpx
| Design       : key_led
| Device       : xc7z020clg400-2
| Speed File   : -2
| Design State : Fully Routed
-----------------------------------------------------------------------------------------------------------------------------------------------------------

Report Methodology

Table of Contents
-----------------
1. REPORT SUMMARY
2. REPORT DETAILS

1. REPORT SUMMARY
-----------------
            Netlist: netlist
          Floorplan: design_1
      Design limits: <entire design considered>
             Max violations: <unlimited>
             Violations found: 3
+-----------+----------+-------------------------------+------------+
| Rule      | Severity | Description                   | Violations |
+-----------+----------+-------------------------------+------------+
| TIMING-18 | Warning  | Missing input or output delay | 3          |
+-----------+----------+-------------------------------+------------+

2. REPORT DETAILS
-----------------
TIMING-18#1 Warning
Missing input or output delay  
An input delay is missing on key relative to clock(s) clk
Related violations: <none>

TIMING-18#2 Warning
Missing input or output delay  
An input delay is missing on rst_n relative to clock(s) clk
Related violations: <none>

TIMING-18#3 Warning
Missing input or output delay  
An output delay is missing on led relative to clock(s) clk
Related violations: <none>


