#-----------------------------------------------------------
# Webtalk v2018.3 (64-bit)
# SW Build 2405991 on Thu Dec  6 23:38:27 MST 2018
# 
# Start of session at: Fri Feb 28 11:00:54 2020
# Process ID: 6644
# Current directory: E:/Wcc/ZYNQ/hdmi_trans/hdmi_trans.sdk/webtalk
# Command line: wbtcv.exe -mode batch -source sdk_webtalk.tcl
# Log file: E:/Wcc/ZYNQ/hdmi_trans/hdmi_trans.sdk/webtalk/webtalk.log
# Journal file: E:/Wcc/ZYNQ/hdmi_trans/hdmi_trans.sdk/webtalk\webtalk.jou
#-----------------------------------------------------------
source sdk_webtalk.tcl
# webtalk_init -webtalk_dir E:\\Wcc\\ZYNQ\\hdmi_trans\\hdmi_trans.sdk\\webtalk
# webtalk_register_client -client project
# webtalk_add_data -client project -key date_generated -value "2020-02-28 11:00:53" -context "software_version_and_target_device"
# webtalk_add_data -client project -key product_version -value "SDK v2018.3" -context "software_version_and_target_device"
# webtalk_add_data -client project -key build_version -value "2018.3" -context "software_version_and_target_device"
# webtalk_add_data -client project -key os_platform -value "amd64" -context "software_version_and_target_device"
# webtalk_add_data -client project -key registration_id -value "" -context "software_version_and_target_device"
# webtalk_add_data -client project -key tool_flow -value "SDK" -context "software_version_and_target_device"
# webtalk_add_data -client project -key beta -value "false" -context "software_version_and_target_device"
# webtalk_add_data -client project -key route_design -value "NA" -context "software_version_and_target_device"
# webtalk_add_data -client project -key target_family -value "NA" -context "software_version_and_target_device"
# webtalk_add_data -client project -key target_device -value "NA" -context "software_version_and_target_device"
# webtalk_add_data -client project -key target_package -value "NA" -context "software_version_and_target_device"
# webtalk_add_data -client project -key target_speed -value "NA" -context "software_version_and_target_device"
# webtalk_add_data -client project -key random_id -value "lfpktvkaj6c68iu5denu33uasl" -context "software_version_and_target_device"
# webtalk_add_data -client project -key project_id -value "2018.3_41" -context "software_version_and_target_device"
# webtalk_add_data -client project -key project_iteration -value "41" -context "software_version_and_target_device"
# webtalk_add_data -client project -key os_name -value "Microsoft Windows 8 or later , 64-bit" -context "user_environment"
# webtalk_add_data -client project -key os_release -value "major release  (build 9200)" -context "user_environment"
# webtalk_add_data -client project -key cpu_name -value "Intel(R) Core(TM) i5-8500 CPU @ 3.00GHz" -context "user_environment"
# webtalk_add_data -client project -key cpu_speed -value "3000 MHz" -context "user_environment"
# webtalk_add_data -client project -key total_processors -value "1" -context "user_environment"
# webtalk_add_data -client project -key system_ram -value "17.020 GB" -context "user_environment"
# webtalk_register_client -client sdk
# webtalk_add_data -client sdk -key uid -value "1582857700285" -context "sdk\\\\hardware/1582857700285"
# webtalk_add_data -client sdk -key isZynq -value "true" -context "sdk\\\\hardware/1582857700285"
# webtalk_add_data -client sdk -key isZynqMP -value "false" -context "sdk\\\\hardware/1582857700285"
# webtalk_add_data -client sdk -key Processors -value "2" -context "sdk\\\\hardware/1582857700285"
# webtalk_add_data -client sdk -key VivadoVersion -value "2018.3" -context "sdk\\\\hardware/1582857700285"
# webtalk_add_data -client sdk -key Arch -value "zynq" -context "sdk\\\\hardware/1582857700285"
# webtalk_add_data -client sdk -key Device -value "7z020" -context "sdk\\\\hardware/1582857700285"
# webtalk_add_data -client sdk -key IsHandoff -value "true" -context "sdk\\\\hardware/1582857700285"
# webtalk_add_data -client sdk -key os -value "NA" -context "sdk\\\\hardware/1582857700285"
# webtalk_add_data -client sdk -key apptemplate -value "NA" -context "sdk\\\\hardware/1582857700285"
# webtalk_add_data -client sdk -key RecordType -value "HWCreation" -context "sdk\\\\hardware/1582857700285"
# webtalk_add_data -client sdk -key uid -value "1582857719590" -context "sdk\\\\bsp/1582857719590"
# webtalk_add_data -client sdk -key hwid -value "1582857700285" -context "sdk\\\\bsp/1582857719590"
# webtalk_add_data -client sdk -key os -value "standalone" -context "sdk\\\\bsp/1582857719590"
# webtalk_add_data -client sdk -key apptemplate -value "hello_world" -context "sdk\\\\bsp/1582857719590"
# webtalk_add_data -client sdk -key RecordType -value "BSPCreation" -context "sdk\\\\bsp/1582857719590"
# webtalk_add_data -client sdk -key uid -value "1582857722878" -context "sdk\\\\application/1582857722878"
# webtalk_add_data -client sdk -key hwid -value "1582857700285" -context "sdk\\\\application/1582857722878"
# webtalk_add_data -client sdk -key bspid -value "1582857719590" -context "sdk\\\\application/1582857722878"
# webtalk_add_data -client sdk -key newbsp -value "true" -context "sdk\\\\application/1582857722878"
# webtalk_add_data -client sdk -key os -value "standalone" -context "sdk\\\\application/1582857722878"
# webtalk_add_data -client sdk -key apptemplate -value "hello_world" -context "sdk\\\\application/1582857722878"
# webtalk_add_data -client sdk -key RecordType -value "APPCreation" -context "sdk\\\\application/1582857722878"
# webtalk_add_data -client sdk -key LangUsed -value "C" -context "sdk\\\\application/1582857722878"
# webtalk_add_data -client sdk -key Procused -value "ps7_cortexa9" -context "sdk\\\\application/1582857722878"
# webtalk_add_data -client sdk -key projSize -value "184.02734375" -context "sdk\\\\application/1582857722878"
# webtalk_add_data -client sdk -key uid -value "NA" -context "sdk\\\\bsp/1582858853149"
# webtalk_add_data -client sdk -key RecordType -value "ToolUsage" -context "sdk\\\\bsp/1582858853149"
# webtalk_add_data -client sdk -key BootgenCount -value "0" -context "sdk\\\\bsp/1582858853149"
# webtalk_add_data -client sdk -key DebugCount -value "5" -context "sdk\\\\bsp/1582858853149"
# webtalk_add_data -client sdk -key PerfCount -value "0" -context "sdk\\\\bsp/1582858853149"
# webtalk_add_data -client sdk -key FlashCount -value "0" -context "sdk\\\\bsp/1582858853149"
# webtalk_add_data -client sdk -key CrossTriggCount -value "0" -context "sdk\\\\bsp/1582858853149"
# webtalk_add_data -client sdk -key QemuDebugCount -value "0" -context "sdk\\\\bsp/1582858853149"
# webtalk_transmit -clientid 113861586 -regid "" -xml E:\\Wcc\\ZYNQ\\hdmi_trans\\hdmi_trans.sdk\\webtalk\\usage_statistics_ext_sdk.xml -html E:\\Wcc\\ZYNQ\\hdmi_trans\\hdmi_trans.sdk\\webtalk\\usage_statistics_ext_sdk.html -wdm E:\\Wcc\\ZYNQ\\hdmi_trans\\hdmi_trans.sdk\\webtalk\\sdk_webtalk.wdm -intro "<H3>SDK Usage Report</H3><BR>"
# webtalk_terminate
INFO: [Common 17-206] Exiting Webtalk at Fri Feb 28 11:00:56 2020...
