Copyright 1986-2018 Xilinx, Inc. All Rights Reserved.
------------------------------------------------------------------------------------
| Tool Version : Vivado v.2018.3 (win64) Build 2405991 Thu Dec  6 23:38:27 MST 2018
| Date         : Thu Jul  2 10:56:56 2020
| Host         : DESKTOP-8PAFVVI running 64-bit major release  (build 9200)
| Command      : upgrade_ip
| Device       : xc7z020clg400-2
------------------------------------------------------------------------------------

Upgrade Log for IP 'clock'

1. Summary
----------

SUCCESS in the conversion of clock (xilinx.com:ip:clk_wiz:6.0 (Rev. 2)) to Vivado generation flows.






Copyright 1986-2018 Xilinx, Inc. All Rights Reserved.
------------------------------------------------------------------------------------
| Tool Version : Vivado v.2018.3 (win64) Build 2405991 Thu Dec  6 23:38:27 MST 2018
| Date         : Mon Jun 29 16:52:43 2020
| Host         : DESKTOP-8PAFVVI running 64-bit major release  (build 9200)
| Command      : upgrade_ip
| Device       : xc7z010clg400-1
------------------------------------------------------------------------------------

Upgrade Log for IP 'clock'

1. Summary
----------

SUCCESS in the conversion of clock (xilinx.com:ip:clk_wiz:6.0 (Rev. 2)) to Vivado generation flows.

