#-----------------------------------------------------------
# Vivado v2017.4 (64-bit)
# SW Build 2086221 on Fri Dec 15 20:55:39 MST 2017
# IP Build 2085800 on Fri Dec 15 22:25:07 MST 2017
# Start of session at: Tue Jul 24 19:28:03 2018
# Process ID: 9276
# Current directory: D:/DualCam/course_s2/04_ov5640_single/repo/ip/subimage_axis
# Command line: vivado.exe -gui_launcher_event rodinguilauncherevent2192 D:\DualCam\course_s2\04_ov5640_single\repo\ip\subimage_axis\subimage_axis.xpr
# Log file: D:/DualCam/course_s2/04_ov5640_single/repo/ip/subimage_axis/vivado.log
# Journal file: D:/DualCam/course_s2/04_ov5640_single/repo/ip/subimage_axis\vivado.jou
#-----------------------------------------------------------
start_gui
open_project D:/DualCam/course_s2/04_ov5640_single/repo/ip/subimage_axis/subimage_axis.xpr
Scanning sources...
Finished scanning sources
INFO: [IP_Flow 19-234] Refreshing IP repositories
INFO: [IP_Flow 19-1700] Loaded user IP repository 'd:/DualCam/course_s2/04_ov5640_single/repo/ip/subimage_axis'.
INFO: [IP_Flow 19-2313] Loaded Vivado IP repository 'C:/Xilinx/Vivado/2017.4/data/ip'.
open_project: Time (s): cpu = 00:00:10 ; elapsed = 00:00:06 . Memory (MB): peak = 783.324 ; gain = 84.918
update_compile_order -fileset sources_1
launch_runs synth_1 -jobs 4
[Tue Jul 24 19:28:39 2018] Launched synth_1...
Run output will be captured here: D:/DualCam/course_s2/04_ov5640_single/repo/ip/subimage_axis/subimage_axis.runs/synth_1/runme.log
exit
INFO: [Common 17-206] Exiting Vivado at Tue Jul 24 19:29:29 2018...
