#-----------------------------------------------------------
# Vivado v2017.4 (64-bit)
# SW Build 2086221 on Fri Dec 15 20:55:39 MST 2017
# IP Build 2085800 on Fri Dec 15 22:25:07 MST 2017
# Start of session at: Tue Jul 24 19:19:57 2018
# Process ID: 5072
# Current directory: D:/DualCam/course_s2/04_ov5640_single/repo/ip/subimage_axis
# Command line: vivado.exe -gui_launcher_event rodinguilauncherevent7748 D:\DualCam\course_s2\04_ov5640_single\repo\ip\subimage_axis\subimage_axis.xpr
# Log file: D:/DualCam/course_s2/04_ov5640_single/repo/ip/subimage_axis/vivado.log
# Journal file: D:/DualCam/course_s2/04_ov5640_single/repo/ip/subimage_axis\vivado.jou
#-----------------------------------------------------------
start_gui
open_project D:/DualCam/course_s2/04_ov5640_single/repo/ip/subimage_axis/subimage_axis.xpr
INFO: [Project 1-313] Project file moved from 'D:/DualCam/course_s2/01_iic_test/ip_repo/subimage_axis' since last save.
WARNING: [Project 1-312] File not found as 'D:/DualCam/course_s2/04_ov5640_single/repo/ip/subimage_axis/subimage_axis.srcs/sources_1/imports/new/subimage_axis.v'; using path 'D:/DualCam/course_s2/01_iic_test/ip_repo/subimage_axis/subimage_axis.srcs/sources_1/imports/new/subimage_axis.v' instead.
WARNING: [Project 1-312] File not found as 'D:/DualCam/dualcam/course_s2/01_iic_test/ip_repo/subimage_axis/component.xml'; using path 'D:/dualcam/course_s2/01_iic_test/ip_repo/subimage_axis/component.xml' instead.
Scanning sources...
Finished scanning sources
INFO: [filemgmt 56-1] IP Repository Path: Directory not found as 'D:/DualCam/dualcam/course_s2/01_iic_test/ip_repo/subimage_axis'; using path 'D:/dualcam/course_s2/01_iic_test/ip_repo/subimage_axis' instead.
INFO: [IP_Flow 19-234] Refreshing IP repositories
INFO: [IP_Flow 19-1700] Loaded user IP repository 'd:/dualcam/course_s2/01_iic_test/ip_repo/subimage_axis'.
INFO: [IP_Flow 19-2313] Loaded Vivado IP repository 'C:/Xilinx/Vivado/2017.4/data/ip'.
open_project: Time (s): cpu = 00:00:09 ; elapsed = 00:00:05 . Memory (MB): peak = 781.391 ; gain = 59.461
update_compile_order -fileset sources_1
ipx::open_ipxact_file {D:\dualcam\course_s2\01_iic_test\ip_repo\subimage_axis\component.xml}
export_ip_user_files -of_objects  [get_files D:/DualCam/course_s2/01_iic_test/ip_repo/subimage_axis/subimage_axis.srcs/sources_1/imports/new/subimage_axis.v] -no_script -reset -force -quiet
remove_files  D:/DualCam/course_s2/01_iic_test/ip_repo/subimage_axis/subimage_axis.srcs/sources_1/imports/new/subimage_axis.v
add_files -norecurse D:/DualCam/course_s2/04_ov5640_single/repo/ip/subimage_axis/src/hdl/subimage_axis.v
update_compile_order -fileset sources_1
ipx::merge_project_changes files [ipx::current_core]
WARNING: [IP_Flow 19-5109] 'File Group 'xilinx_anylanguagesynthesis (Synthesis)'': File 'subimage_axis.srcs/sources_1/imports/new/subimage_axis.v' is not found in the project sources. It has been removed from the packaged IP. If still required, please add this file to the project, merge sources and re-package.
WARNING: [IP_Flow 19-5109] 'File Group 'xilinx_anylanguagebehavioralsimulation (Simulation)'': File 'subimage_axis.srcs/sources_1/imports/new/subimage_axis.v' is not found in the project sources. It has been removed from the packaged IP. If still required, please add this file to the project, merge sources and re-package.
ipx::merge_project_changes hdl_parameters [ipx::current_core]
update_files -from_files D:/DualCam/course_s2/04_ov5640_single/repo/ip/subimage_axis/component.xml -to_files D:/dualcam/course_s2/01_iic_test/ip_repo/subimage_axis/component.xml -filesets [get_filesets *]
INFO: [filemgmt 20-762] Replacing file 'D:/dualcam/course_s2/01_iic_test/ip_repo/subimage_axis/component.xml' with file 'D:/DualCam/course_s2/04_ov5640_single/repo/ip/subimage_axis/component.xml'.
ipx::merge_project_changes files [ipx::current_core]
set_property core_revision 3 [ipx::current_core]
ipx::create_xgui_files [ipx::current_core]
ipx::update_checksums [ipx::current_core]
ipx::save_core [ipx::current_core]
update_ip_catalog -rebuild -repo_path d:/dualcam/course_s2/01_iic_test/ip_repo/subimage_axis
INFO: [IP_Flow 19-725] Reloaded user IP repository 'd:/dualcam/course_s2/01_iic_test/ip_repo/subimage_axis'
ipx::open_ipxact_file {D:\DualCam\course_s2\04_ov5640_single\repo\ip\subimage_axis\component.xml}
WARNING: [IP_Flow 19-4308] Project file 'src/hdl/subimage_axis.v' is not found in the component files. It will be added automatically when merging sources and repackaging. Please remove the file from the source project if this is not desired.
WARNING: [IP_Flow 19-3898] File Group 'xilinx_anylanguagesynthesis (Synthesis)': File 'subimage_axis.srcs/sources_1/imports/new/subimage_axis.v' is not found in the project sources. It will be removed from the packaged IP when the sources are merged. If still required, please add this file to the project and re-package.
WARNING: [IP_Flow 19-4308] Project file 'src/hdl/subimage_axis.v' is not found in the component files. It will be added automatically when merging sources and repackaging. Please remove the file from the source project if this is not desired.
WARNING: [IP_Flow 19-3898] File Group 'xilinx_anylanguagebehavioralsimulation (Simulation)': File 'subimage_axis.srcs/sources_1/imports/new/subimage_axis.v' is not found in the project sources. It will be removed from the packaged IP when the sources are merged. If still required, please add this file to the project and re-package.
ipx::merge_project_changes files [ipx::current_core]
WARNING: [IP_Flow 19-5109] 'File Group 'xilinx_anylanguagesynthesis (Synthesis)'': File 'subimage_axis.srcs/sources_1/imports/new/subimage_axis.v' is not found in the project sources. It has been removed from the packaged IP. If still required, please add this file to the project, merge sources and re-package.
WARNING: [IP_Flow 19-5109] 'File Group 'xilinx_anylanguagebehavioralsimulation (Simulation)'': File 'subimage_axis.srcs/sources_1/imports/new/subimage_axis.v' is not found in the project sources. It has been removed from the packaged IP. If still required, please add this file to the project, merge sources and re-package.
ipx::merge_project_changes ports [ipx::current_core]
set_property core_revision 3 [ipx::current_core]
ipx::create_xgui_files [ipx::current_core]
ipx::update_checksums [ipx::current_core]
ipx::save_core [ipx::current_core]
set_property  ip_repo_paths  {d:/DualCam/course_s2/04_ov5640_single/repo/ip/subimage_axis d:/dualcam/course_s2/01_iic_test/ip_repo/subimage_axis} [current_project]
update_ip_catalog
INFO: [IP_Flow 19-234] Refreshing IP repositories
INFO: [IP_Flow 19-1700] Loaded user IP repository 'd:/DualCam/course_s2/04_ov5640_single/repo/ip/subimage_axis'.
INFO: [IP_Flow 19-1700] Loaded user IP repository 'd:/dualcam/course_s2/01_iic_test/ip_repo/subimage_axis'.
CRITICAL WARNING: [IP_Flow 19-1663] Duplicate IP found for 'xilinx.com:user:subimage_axis:1.0'. The one found in IP location 'd:/DualCam/course_s2/04_ov5640_single/repo/ip/subimage_axis' will take precedence over the same IP in location d:/dualcam/course_s2/01_iic_test/ip_repo/subimage_axis
ipx::unload_core d:/DualCam/course_s2/04_ov5640_single/repo/ip/subimage_axis/component.xml
ipx::unload_core d:/dualcam/course_s2/01_iic_test/ip_repo/subimage_axis/component.xml
set_property  ip_repo_paths  d:/dualcam/course_s2/01_iic_test/ip_repo/subimage_axis [current_project]
update_ip_catalog
INFO: [IP_Flow 19-234] Refreshing IP repositories
INFO: [IP_Flow 19-1700] Loaded user IP repository 'd:/dualcam/course_s2/01_iic_test/ip_repo/subimage_axis'.
set_property  ip_repo_paths  {} [current_project]
update_ip_catalog
INFO: [IP_Flow 19-234] Refreshing IP repositories
INFO: [IP_Flow 19-1704] No user IP repositories specified
ipx::open_ipxact_file {D:\DualCam\course_s2\04_ov5640_single\repo\ip\subimage_axis\component.xml}
set_property core_revision 4 [ipx::current_core]
ipx::create_xgui_files [ipx::current_core]
ipx::update_checksums [ipx::current_core]
ipx::save_core [ipx::current_core]
set_property  ip_repo_paths  d:/DualCam/course_s2/04_ov5640_single/repo/ip/subimage_axis [current_project]
update_ip_catalog
INFO: [IP_Flow 19-234] Refreshing IP repositories
INFO: [IP_Flow 19-1700] Loaded user IP repository 'd:/DualCam/course_s2/04_ov5640_single/repo/ip/subimage_axis'.
